2025-07-18 09:39:37,498 INFO Set uid to user 0 succeeded
2025-07-18 09:39:37,525 INFO supervisord started with pid 1
2025-07-18 09:39:38,561 INFO spawned: 'sshd' with pid 7
2025-07-18 09:39:39,565 INFO success: sshd entered RUNNING state, process has stayed up for > than 1 seconds (startsecs)
2025-07-18 10:03:07,130 WARN received SIGQUIT indicating exit request
2025-07-18 10:03:07,136 INFO waiting for sshd to die
2025-07-18 10:03:07,145 INFO stopped: sshd (exit status 0)
2025-07-18 10:03:22,557 INFO Set uid to user 0 succeeded
2025-07-18 10:03:22,564 INFO supervisord started with pid 1
2025-07-18 10:03:23,572 INFO spawned: 'sshd' with pid 7
2025-07-18 10:03:24,576 INFO success: sshd entered RUNNING state, process has stayed up for > than 1 seconds (startsecs)
2025-07-18 10:06:36,166 WARN received SIGQUIT indicating exit request
2025-07-18 10:06:36,170 INFO waiting for sshd to die
2025-07-18 10:06:36,178 INFO stopped: sshd (exit status 0)
2025-07-18 10:11:47,261 INFO Set uid to user 0 succeeded
2025-07-18 10:11:47,264 INFO supervisord started with pid 1
2025-07-18 10:11:48,274 INFO spawned: 'sshd' with pid 6
2025-07-18 10:11:49,278 INFO success: sshd entered RUNNING state, process has stayed up for > than 1 seconds (startsecs)
2025-07-18 10:58:48,978 WARN received SIGQUIT indicating exit request
2025-07-18 10:58:48,985 INFO waiting for sshd to die
2025-07-18 10:58:48,997 INFO stopped: sshd (exit status 0)
2025-07-18 11:02:46,389 INFO Set uid to user 0 succeeded
2025-07-18 11:02:46,399 INFO supervisord started with pid 1
2025-07-18 11:02:47,413 INFO spawned: 'cron' with pid 7
2025-07-18 11:02:47,421 INFO spawned: 'laravel-worker_00' with pid 8
2025-07-18 11:02:47,425 INFO spawned: 'laravel-worker_01' with pid 9
2025-07-18 11:02:47,428 INFO spawned: 'sshd' with pid 10
2025-07-18 11:02:48,057 WARN exited: laravel-worker_01 (exit status 1; not expected)
2025-07-18 11:02:48,061 WARN exited: laravel-worker_00 (exit status 1; not expected)
2025-07-18 11:02:49,064 INFO success: cron entered RUNNING state, process has stayed up for > than 1 seconds (startsecs)
2025-07-18 11:02:49,069 INFO spawned: 'laravel-worker_00' with pid 17
2025-07-18 11:02:49,073 INFO spawned: 'laravel-worker_01' with pid 18
2025-07-18 11:02:49,074 INFO success: sshd entered RUNNING state, process has stayed up for > than 1 seconds (startsecs)
2025-07-18 11:02:49,345 WARN exited: laravel-worker_01 (exit status 1; not expected)
2025-07-18 11:02:49,349 WARN exited: laravel-worker_00 (exit status 1; not expected)
2025-07-18 11:02:51,363 INFO spawned: 'laravel-worker_00' with pid 25
2025-07-18 11:02:51,372 INFO spawned: 'laravel-worker_01' with pid 26
2025-07-18 11:02:51,661 WARN exited: laravel-worker_00 (exit status 1; not expected)
2025-07-18 11:02:51,666 WARN exited: laravel-worker_01 (exit status 1; not expected)
2025-07-18 11:02:54,684 INFO spawned: 'laravel-worker_00' with pid 33
2025-07-18 11:02:54,687 INFO spawned: 'laravel-worker_01' with pid 34
2025-07-18 11:02:54,955 WARN exited: laravel-worker_01 (exit status 1; not expected)
2025-07-18 11:02:54,955 INFO gave up: laravel-worker_01 entered FATAL state, too many start retries too quickly
2025-07-18 11:02:54,959 WARN exited: laravel-worker_00 (exit status 1; not expected)
2025-07-18 11:02:55,962 INFO gave up: laravel-worker_00 entered FATAL state, too many start retries too quickly
2025-07-18 11:11:05,675 WARN received SIGQUIT indicating exit request
2025-07-18 11:11:05,681 INFO waiting for cron, sshd to die
2025-07-18 11:11:05,690 INFO stopped: sshd (exit status 0)
2025-07-18 11:11:05,693 WARN stopped: cron (terminated by SIGTERM)
2025-07-18 11:20:41,707 INFO Set uid to user 0 succeeded
2025-07-18 11:20:41,711 INFO supervisord started with pid 1
2025-07-18 11:20:42,718 INFO spawned: 'cron' with pid 6
2025-07-18 11:20:42,720 INFO spawned: 'laravel-worker_00' with pid 7
2025-07-18 11:20:42,723 INFO spawned: 'laravel-worker_01' with pid 8
2025-07-18 11:20:42,738 INFO spawned: 'sshd' with pid 9
2025-07-18 11:20:43,617 WARN exited: laravel-worker_00 (exit status 1; not expected)
2025-07-18 11:20:43,618 WARN exited: laravel-worker_01 (exit status 1; not expected)
2025-07-18 11:20:44,621 INFO success: cron entered RUNNING state, process has stayed up for > than 1 seconds (startsecs)
2025-07-18 11:20:44,635 INFO spawned: 'laravel-worker_00' with pid 16
2025-07-18 11:20:44,637 INFO spawned: 'laravel-worker_01' with pid 17
2025-07-18 11:20:44,638 INFO success: sshd entered RUNNING state, process has stayed up for > than 1 seconds (startsecs)
2025-07-18 11:20:45,106 WARN exited: laravel-worker_01 (exit status 1; not expected)
2025-07-18 11:20:45,107 WARN exited: laravel-worker_00 (exit status 1; not expected)
2025-07-18 11:20:47,132 INFO spawned: 'laravel-worker_00' with pid 24
2025-07-18 11:20:47,135 INFO spawned: 'laravel-worker_01' with pid 25
2025-07-18 11:20:47,494 WARN exited: laravel-worker_00 (exit status 1; not expected)
2025-07-18 11:20:47,502 WARN exited: laravel-worker_01 (exit status 1; not expected)
2025-07-18 11:20:50,517 INFO spawned: 'laravel-worker_00' with pid 32
2025-07-18 11:20:50,522 INFO spawned: 'laravel-worker_01' with pid 33
2025-07-18 11:20:50,802 WARN exited: laravel-worker_01 (exit status 1; not expected)
2025-07-18 11:20:50,803 INFO gave up: laravel-worker_01 entered FATAL state, too many start retries too quickly
2025-07-18 11:20:50,808 WARN exited: laravel-worker_00 (exit status 1; not expected)
2025-07-18 11:20:51,809 INFO gave up: laravel-worker_00 entered FATAL state, too many start retries too quickly
2025-07-18 11:22:16,071 WARN received SIGQUIT indicating exit request
2025-07-18 11:22:16,075 INFO waiting for cron, sshd to die
2025-07-18 11:22:16,089 INFO stopped: sshd (exit status 0)
2025-07-18 11:22:17,100 WARN stopped: cron (terminated by SIGTERM)
2025-07-18 11:31:33,829 INFO Set uid to user 0 succeeded
2025-07-18 11:31:33,837 INFO RPC interface 'supervisor' initialized
2025-07-18 11:31:33,837 CRIT Server 'unix_http_server' running without any HTTP authentication checking
2025-07-18 11:31:33,838 INFO supervisord started with pid 1
2025-07-18 11:31:34,843 INFO spawned: 'cron' with pid 7
2025-07-18 11:31:34,846 INFO spawned: 'laravel-worker_00' with pid 8
2025-07-18 11:31:34,848 INFO spawned: 'laravel-worker_01' with pid 9
2025-07-18 11:31:34,849 INFO spawned: 'sshd' with pid 10
2025-07-18 11:31:35,337 WARN exited: laravel-worker_00 (exit status 1; not expected)
2025-07-18 11:31:35,339 WARN exited: laravel-worker_01 (exit status 1; not expected)
2025-07-18 11:31:36,342 INFO success: cron entered RUNNING state, process has stayed up for > than 1 seconds (startsecs)
2025-07-18 11:31:36,344 INFO spawned: 'laravel-worker_00' with pid 17
2025-07-18 11:31:36,345 INFO spawned: 'laravel-worker_01' with pid 18
2025-07-18 11:31:36,346 INFO success: sshd entered RUNNING state, process has stayed up for > than 1 seconds (startsecs)
2025-07-18 11:31:36,699 WARN exited: laravel-worker_00 (exit status 1; not expected)
2025-07-18 11:31:36,706 WARN exited: laravel-worker_01 (exit status 1; not expected)
2025-07-18 11:31:38,711 INFO spawned: 'laravel-worker_00' with pid 25
2025-07-18 11:31:38,713 INFO spawned: 'laravel-worker_01' with pid 26
2025-07-18 11:31:39,030 WARN exited: laravel-worker_00 (exit status 1; not expected)
2025-07-18 11:31:39,037 WARN exited: laravel-worker_01 (exit status 1; not expected)
2025-07-18 11:31:42,044 INFO spawned: 'laravel-worker_00' with pid 33
2025-07-18 11:31:42,046 INFO spawned: 'laravel-worker_01' with pid 34
2025-07-18 11:31:42,357 WARN exited: laravel-worker_01 (exit status 1; not expected)
2025-07-18 11:31:42,358 INFO gave up: laravel-worker_01 entered FATAL state, too many start retries too quickly
2025-07-18 11:31:42,359 WARN exited: laravel-worker_00 (exit status 1; not expected)
2025-07-18 11:31:43,360 INFO gave up: laravel-worker_00 entered FATAL state, too many start retries too quickly
2025-07-18 11:38:54,321 WARN received SIGQUIT indicating exit request
2025-07-18 11:38:54,325 INFO waiting for cron, sshd to die
2025-07-18 11:38:54,331 INFO stopped: sshd (exit status 0)
2025-07-18 11:38:55,336 WARN stopped: cron (terminated by SIGTERM)
2025-07-18 11:38:58,176 INFO Set uid to user 0 succeeded
2025-07-18 11:38:58,183 INFO RPC interface 'supervisor' initialized
2025-07-18 11:38:58,183 CRIT Server 'unix_http_server' running without any HTTP authentication checking
2025-07-18 11:38:58,184 INFO supervisord started with pid 1
2025-07-18 11:38:59,196 INFO spawned: 'cron' with pid 7
2025-07-18 11:38:59,200 INFO spawned: 'laravel-worker_00' with pid 8
2025-07-18 11:38:59,204 INFO spawned: 'laravel-worker_01' with pid 9
2025-07-18 11:38:59,207 INFO spawned: 'sshd' with pid 10
2025-07-18 11:39:00,211 INFO success: cron entered RUNNING state, process has stayed up for > than 1 seconds (startsecs)
2025-07-18 11:39:00,212 INFO success: laravel-worker_00 entered RUNNING state, process has stayed up for > than 1 seconds (startsecs)
2025-07-18 11:39:00,212 INFO success: laravel-worker_01 entered RUNNING state, process has stayed up for > than 1 seconds (startsecs)
2025-07-18 11:39:00,212 INFO success: sshd entered RUNNING state, process has stayed up for > than 1 seconds (startsecs)
2025-07-18 12:04:56,395 WARN received SIGQUIT indicating exit request
2025-07-18 12:04:56,399 INFO waiting for cron, laravel-worker_00, laravel-worker_01, sshd to die
2025-07-18 12:04:56,414 INFO stopped: sshd (exit status 0)
2025-07-18 12:04:57,480 INFO stopped: laravel-worker_00 (exit status 0)
2025-07-18 12:04:57,480 INFO stopped: laravel-worker_01 (exit status 0)
2025-07-18 12:04:57,482 WARN stopped: cron (terminated by SIGTERM)
2025-07-18 12:10:22,833 INFO Set uid to user 0 succeeded
2025-07-18 12:10:22,847 INFO RPC interface 'supervisor' initialized
2025-07-18 12:10:22,847 CRIT Server 'unix_http_server' running without any HTTP authentication checking
2025-07-18 12:10:22,848 INFO supervisord started with pid 1
2025-07-18 12:10:23,856 INFO spawned: 'cron' with pid 78
2025-07-18 12:10:23,858 INFO spawned: 'laravel-worker_00' with pid 79
2025-07-18 12:10:23,859 INFO spawned: 'laravel-worker_01' with pid 80
2025-07-18 12:10:23,862 INFO spawned: 'nginx' with pid 81
2025-07-18 12:10:23,864 INFO spawned: 'php-fpm' with pid 82
2025-07-18 12:10:23,866 INFO spawned: 'sshd' with pid 83
2025-07-18 12:10:24,924 INFO success: cron entered RUNNING state, process has stayed up for > than 1 seconds (startsecs)
2025-07-18 12:10:24,925 INFO success: laravel-worker_00 entered RUNNING state, process has stayed up for > than 1 seconds (startsecs)
2025-07-18 12:10:24,925 INFO success: laravel-worker_01 entered RUNNING state, process has stayed up for > than 1 seconds (startsecs)
2025-07-18 12:10:24,927 INFO success: nginx entered RUNNING state, process has stayed up for > than 1 seconds (startsecs)
2025-07-18 12:10:24,928 INFO success: php-fpm entered RUNNING state, process has stayed up for > than 1 seconds (startsecs)
2025-07-18 12:10:24,928 INFO success: sshd entered RUNNING state, process has stayed up for > than 1 seconds (startsecs)
2025-07-18 12:11:48,755 WARN received SIGQUIT indicating exit request
2025-07-18 12:11:48,769 INFO waiting for cron, laravel-worker_00, laravel-worker_01, nginx, php-fpm, sshd to die
2025-07-18 12:11:48,773 INFO stopped: sshd (exit status 0)
2025-07-18 12:11:48,799 INFO stopped: php-fpm (exit status 0)
2025-07-18 12:11:48,838 WARN exited: laravel-worker_01 (exit status 1; not expected)
2025-07-18 12:11:48,841 WARN exited: laravel-worker_00 (exit status 1; not expected)
2025-07-18 12:11:48,871 INFO stopped: nginx (exit status 0)
2025-07-18 12:11:49,876 WARN stopped: cron (terminated by SIGTERM)
2025-07-18 12:11:55,062 INFO Set uid to user 0 succeeded
2025-07-18 12:11:55,068 INFO RPC interface 'supervisor' initialized
2025-07-18 12:11:55,068 CRIT Server 'unix_http_server' running without any HTTP authentication checking
2025-07-18 12:11:55,068 INFO supervisord started with pid 1
2025-07-18 12:11:56,104 INFO spawned: 'cron' with pid 39
2025-07-18 12:11:56,106 INFO spawned: 'laravel-worker_00' with pid 40
2025-07-18 12:11:56,108 INFO spawned: 'laravel-worker_01' with pid 41
2025-07-18 12:11:56,110 INFO spawned: 'nginx' with pid 42
2025-07-18 12:11:56,112 INFO spawned: 'php-fpm' with pid 43
2025-07-18 12:11:56,114 INFO spawned: 'sshd' with pid 44
2025-07-18 12:11:57,152 INFO success: cron entered RUNNING state, process has stayed up for > than 1 seconds (startsecs)
2025-07-18 12:11:57,153 INFO success: laravel-worker_00 entered RUNNING state, process has stayed up for > than 1 seconds (startsecs)
2025-07-18 12:11:57,153 INFO success: laravel-worker_01 entered RUNNING state, process has stayed up for > than 1 seconds (startsecs)
2025-07-18 12:11:57,153 INFO success: nginx entered RUNNING state, process has stayed up for > than 1 seconds (startsecs)
2025-07-18 12:11:57,153 INFO success: php-fpm entered RUNNING state, process has stayed up for > than 1 seconds (startsecs)
2025-07-18 12:11:57,153 INFO success: sshd entered RUNNING state, process has stayed up for > than 1 seconds (startsecs)
2025-07-18 12:12:36,734 WARN received SIGQUIT indicating exit request
2025-07-18 12:12:36,738 INFO waiting for cron, laravel-worker_00, laravel-worker_01, nginx, php-fpm, sshd to die
2025-07-18 12:12:36,753 INFO stopped: sshd (exit status 0)
2025-07-18 12:12:37,826 INFO stopped: php-fpm (exit status 0)
2025-07-18 12:12:37,871 INFO stopped: nginx (exit status 0)
2025-07-18 12:12:37,917 INFO stopped: laravel-worker_01 (exit status 0)
2025-07-18 12:12:37,919 INFO stopped: laravel-worker_00 (exit status 0)
2025-07-18 12:12:37,919 WARN stopped: cron (terminated by SIGTERM)
2025-07-18 12:12:41,539 INFO Set uid to user 0 succeeded
2025-07-18 12:12:41,543 INFO RPC interface 'supervisor' initialized
2025-07-18 12:12:41,544 CRIT Server 'unix_http_server' running without any HTTP authentication checking
2025-07-18 12:12:41,544 INFO supervisord started with pid 1
2025-07-18 12:12:42,558 INFO spawned: 'cron' with pid 39
2025-07-18 12:12:42,561 INFO spawned: 'laravel-worker_00' with pid 40
2025-07-18 12:12:42,564 INFO spawned: 'laravel-worker_01' with pid 41
2025-07-18 12:12:42,568 INFO spawned: 'nginx' with pid 42
2025-07-18 12:12:42,573 INFO spawned: 'php-fpm' with pid 43
2025-07-18 12:12:42,578 INFO spawned: 'sshd' with pid 44
2025-07-18 12:12:43,616 INFO success: cron entered RUNNING state, process has stayed up for > than 1 seconds (startsecs)
2025-07-18 12:12:43,620 INFO success: laravel-worker_00 entered RUNNING state, process has stayed up for > than 1 seconds (startsecs)
2025-07-18 12:12:43,620 INFO success: laravel-worker_01 entered RUNNING state, process has stayed up for > than 1 seconds (startsecs)
2025-07-18 12:12:43,621 INFO success: nginx entered RUNNING state, process has stayed up for > than 1 seconds (startsecs)
2025-07-18 12:12:43,621 INFO success: php-fpm entered RUNNING state, process has stayed up for > than 1 seconds (startsecs)
2025-07-18 12:12:43,622 INFO success: sshd entered RUNNING state, process has stayed up for > than 1 seconds (startsecs)
2025-07-18 12:22:21,503 WARN received SIGQUIT indicating exit request
2025-07-18 12:22:21,505 INFO waiting for cron, laravel-worker_00, laravel-worker_01, nginx, php-fpm, sshd to die
2025-07-18 12:22:21,510 INFO stopped: sshd (exit status 0)
2025-07-18 12:22:22,546 INFO stopped: php-fpm (exit status 0)
2025-07-18 12:22:22,594 INFO stopped: nginx (exit status 0)
2025-07-18 12:22:22,637 INFO stopped: laravel-worker_00 (exit status 0)
2025-07-18 12:22:22,637 INFO stopped: laravel-worker_01 (exit status 0)
2025-07-18 12:22:22,639 WARN stopped: cron (terminated by SIGTERM)
2025-07-18 12:22:26,887 INFO Set uid to user 0 succeeded
2025-07-18 12:22:26,891 INFO RPC interface 'supervisor' initialized
2025-07-18 12:22:26,891 CRIT Server 'unix_http_server' running without any HTTP authentication checking
2025-07-18 12:22:26,892 INFO supervisord started with pid 1
2025-07-18 12:22:27,904 INFO spawned: 'cron' with pid 38
2025-07-18 12:22:27,908 INFO spawned: 'laravel-worker_00' with pid 39
2025-07-18 12:22:27,912 INFO spawned: 'laravel-worker_01' with pid 40
2025-07-18 12:22:27,916 INFO spawned: 'nginx' with pid 41
2025-07-18 12:22:27,919 INFO spawned: 'php-fpm' with pid 42
2025-07-18 12:22:27,923 INFO spawned: 'sshd' with pid 43
2025-07-18 12:22:28,968 INFO success: cron entered RUNNING state, process has stayed up for > than 1 seconds (startsecs)
2025-07-18 12:22:28,968 INFO success: laravel-worker_00 entered RUNNING state, process has stayed up for > than 1 seconds (startsecs)
2025-07-18 12:22:28,969 INFO success: laravel-worker_01 entered RUNNING state, process has stayed up for > than 1 seconds (startsecs)
2025-07-18 12:22:28,969 INFO success: nginx entered RUNNING state, process has stayed up for > than 1 seconds (startsecs)
2025-07-18 12:22:28,969 INFO success: php-fpm entered RUNNING state, process has stayed up for > than 1 seconds (startsecs)
2025-07-18 12:22:28,969 INFO success: sshd entered RUNNING state, process has stayed up for > than 1 seconds (startsecs)
2025-07-18 12:27:01,897 WARN received SIGQUIT indicating exit request
2025-07-18 12:27:01,900 INFO waiting for cron, laravel-worker_00, laravel-worker_01, nginx, php-fpm, sshd to die
2025-07-18 12:27:01,904 INFO stopped: sshd (exit status 0)
2025-07-18 12:27:01,929 WARN exited: laravel-worker_00 (exit status 1; not expected)
2025-07-18 12:27:01,930 WARN exited: laravel-worker_01 (exit status 1; not expected)
2025-07-18 12:27:01,930 INFO stopped: php-fpm (exit status 0)
2025-07-18 12:27:01,972 INFO stopped: nginx (exit status 0)
2025-07-18 12:27:02,984 WARN stopped: cron (terminated by SIGTERM)
2025-07-18 12:27:07,080 INFO Set uid to user 0 succeeded
2025-07-18 12:27:07,085 INFO RPC interface 'supervisor' initialized
2025-07-18 12:27:07,085 CRIT Server 'unix_http_server' running without any HTTP authentication checking
2025-07-18 12:27:07,086 INFO supervisord started with pid 1
2025-07-18 12:27:08,121 INFO spawned: 'cron' with pid 38
2025-07-18 12:27:08,134 INFO spawned: 'laravel-worker_00' with pid 39
2025-07-18 12:27:08,141 INFO spawned: 'laravel-worker_01' with pid 40
2025-07-18 12:27:08,149 INFO spawned: 'nginx' with pid 41
2025-07-18 12:27:08,154 INFO spawned: 'php-fpm' with pid 42
2025-07-18 12:27:08,157 INFO spawned: 'sshd' with pid 43
2025-07-18 12:27:09,202 INFO success: cron entered RUNNING state, process has stayed up for > than 1 seconds (startsecs)
2025-07-18 12:27:09,202 INFO success: laravel-worker_00 entered RUNNING state, process has stayed up for > than 1 seconds (startsecs)
2025-07-18 12:27:09,202 INFO success: laravel-worker_01 entered RUNNING state, process has stayed up for > than 1 seconds (startsecs)
2025-07-18 12:27:09,203 INFO success: nginx entered RUNNING state, process has stayed up for > than 1 seconds (startsecs)
2025-07-18 12:27:09,203 INFO success: php-fpm entered RUNNING state, process has stayed up for > than 1 seconds (startsecs)
2025-07-18 12:27:09,203 INFO success: sshd entered RUNNING state, process has stayed up for > than 1 seconds (startsecs)
2025-07-18 12:28:37,990 WARN received SIGQUIT indicating exit request
2025-07-18 12:28:37,995 INFO waiting for cron, laravel-worker_00, laravel-worker_01, nginx, php-fpm, sshd to die
2025-07-18 12:28:38,007 INFO stopped: sshd (exit status 0)
2025-07-18 12:28:39,041 INFO stopped: php-fpm (exit status 0)
2025-07-18 12:28:39,069 INFO stopped: nginx (exit status 0)
2025-07-18 12:28:39,094 INFO stopped: laravel-worker_00 (exit status 0)
2025-07-18 12:28:39,095 INFO stopped: laravel-worker_01 (exit status 0)
2025-07-18 12:28:39,095 WARN stopped: cron (terminated by SIGTERM)
2025-07-18 12:28:48,118 INFO Set uid to user 0 succeeded
2025-07-18 12:28:48,125 INFO RPC interface 'supervisor' initialized
2025-07-18 12:28:48,125 CRIT Server 'unix_http_server' running without any HTTP authentication checking
2025-07-18 12:28:48,125 INFO supervisord started with pid 1
2025-07-18 12:28:49,137 INFO spawned: 'cron' with pid 38
2025-07-18 12:28:49,140 INFO spawned: 'laravel-worker_00' with pid 39
2025-07-18 12:28:49,141 INFO spawned: 'laravel-worker_01' with pid 40
2025-07-18 12:28:49,144 INFO spawned: 'nginx' with pid 41
2025-07-18 12:28:49,147 INFO spawned: 'php-fpm' with pid 42
2025-07-18 12:28:49,150 INFO spawned: 'sshd' with pid 43
2025-07-18 12:28:50,189 INFO success: cron entered RUNNING state, process has stayed up for > than 1 seconds (startsecs)
2025-07-18 12:28:50,190 INFO success: laravel-worker_00 entered RUNNING state, process has stayed up for > than 1 seconds (startsecs)
2025-07-18 12:28:50,190 INFO success: laravel-worker_01 entered RUNNING state, process has stayed up for > than 1 seconds (startsecs)
2025-07-18 12:28:50,190 INFO success: nginx entered RUNNING state, process has stayed up for > than 1 seconds (startsecs)
2025-07-18 12:28:50,190 INFO success: php-fpm entered RUNNING state, process has stayed up for > than 1 seconds (startsecs)
2025-07-18 12:28:50,190 INFO success: sshd entered RUNNING state, process has stayed up for > than 1 seconds (startsecs)
2025-07-18 12:29:20,988 WARN received SIGQUIT indicating exit request
2025-07-18 12:29:20,990 INFO waiting for cron, laravel-worker_00, laravel-worker_01, nginx, php-fpm, sshd to die
2025-07-18 12:29:20,996 INFO stopped: sshd (exit status 0)
2025-07-18 12:29:22,034 INFO stopped: php-fpm (exit status 0)
2025-07-18 12:29:22,103 INFO stopped: nginx (exit status 0)
2025-07-18 12:29:22,163 INFO stopped: laravel-worker_01 (exit status 0)
2025-07-18 12:29:22,166 INFO stopped: laravel-worker_00 (exit status 0)
2025-07-18 12:29:22,166 WARN stopped: cron (terminated by SIGTERM)
2025-07-18 12:29:26,673 INFO Set uid to user 0 succeeded
2025-07-18 12:29:26,687 INFO RPC interface 'supervisor' initialized
2025-07-18 12:29:26,688 CRIT Server 'unix_http_server' running without any HTTP authentication checking
2025-07-18 12:29:26,688 INFO supervisord started with pid 1
2025-07-18 12:29:27,710 INFO spawned: 'cron' with pid 37
2025-07-18 12:29:27,715 INFO spawned: 'laravel-worker_00' with pid 38
2025-07-18 12:29:27,717 INFO spawned: 'laravel-worker_01' with pid 39
2025-07-18 12:29:27,720 INFO spawned: 'nginx' with pid 40
2025-07-18 12:29:27,723 INFO spawned: 'php-fpm' with pid 41
2025-07-18 12:29:27,734 INFO spawned: 'sshd' with pid 42
2025-07-18 12:29:28,783 INFO success: cron entered RUNNING state, process has stayed up for > than 1 seconds (startsecs)
2025-07-18 12:29:28,784 INFO success: laravel-worker_00 entered RUNNING state, process has stayed up for > than 1 seconds (startsecs)
2025-07-18 12:29:28,785 INFO success: laravel-worker_01 entered RUNNING state, process has stayed up for > than 1 seconds (startsecs)
2025-07-18 12:29:28,785 INFO success: nginx entered RUNNING state, process has stayed up for > than 1 seconds (startsecs)
2025-07-18 12:29:28,786 INFO success: php-fpm entered RUNNING state, process has stayed up for > than 1 seconds (startsecs)
2025-07-18 12:29:28,787 INFO success: sshd entered RUNNING state, process has stayed up for > than 1 seconds (startsecs)
2025-07-18 12:41:06,033 WARN received SIGQUIT indicating exit request
2025-07-18 12:41:06,035 INFO waiting for cron, laravel-worker_00, laravel-worker_01, nginx, php-fpm, sshd to die
2025-07-18 12:41:06,043 INFO stopped: sshd (exit status 0)
2025-07-18 12:41:07,085 INFO stopped: php-fpm (exit status 0)
2025-07-18 12:41:07,149 INFO stopped: nginx (exit status 0)
2025-07-18 12:41:07,186 INFO stopped: laravel-worker_00 (exit status 0)
2025-07-18 12:41:07,187 INFO stopped: laravel-worker_01 (exit status 0)
2025-07-18 12:41:07,187 WARN stopped: cron (terminated by SIGTERM)
2025-07-18 12:41:11,625 INFO Set uid to user 0 succeeded
2025-07-18 12:41:11,631 INFO RPC interface 'supervisor' initialized
2025-07-18 12:41:11,631 CRIT Server 'unix_http_server' running without any HTTP authentication checking
2025-07-18 12:41:11,632 INFO supervisord started with pid 1
2025-07-18 12:41:12,644 INFO spawned: 'cron' with pid 38
2025-07-18 12:41:12,650 INFO spawned: 'laravel-worker_00' with pid 39
2025-07-18 12:41:12,655 INFO spawned: 'laravel-worker_01' with pid 40
2025-07-18 12:41:12,660 INFO spawned: 'nginx' with pid 41
2025-07-18 12:41:12,664 INFO spawned: 'php-fpm' with pid 42
2025-07-18 12:41:12,678 INFO spawned: 'sshd' with pid 43
2025-07-18 12:41:14,071 INFO success: cron entered RUNNING state, process has stayed up for > than 1 seconds (startsecs)
2025-07-18 12:41:14,072 INFO success: laravel-worker_00 entered RUNNING state, process has stayed up for > than 1 seconds (startsecs)
2025-07-18 12:41:14,072 INFO success: laravel-worker_01 entered RUNNING state, process has stayed up for > than 1 seconds (startsecs)
2025-07-18 12:41:14,073 INFO success: nginx entered RUNNING state, process has stayed up for > than 1 seconds (startsecs)
2025-07-18 12:41:14,074 INFO success: php-fpm entered RUNNING state, process has stayed up for > than 1 seconds (startsecs)
2025-07-18 12:41:14,074 INFO success: sshd entered RUNNING state, process has stayed up for > than 1 seconds (startsecs)
2025-07-18 12:42:24,331 WARN received SIGQUIT indicating exit request
2025-07-18 12:42:24,337 INFO waiting for cron, laravel-worker_00, laravel-worker_01, nginx, php-fpm, sshd to die
2025-07-18 12:42:24,351 INFO stopped: sshd (exit status 0)
2025-07-18 12:42:25,400 INFO stopped: php-fpm (exit status 0)
2025-07-18 12:42:25,431 INFO stopped: nginx (exit status 0)
2025-07-18 12:42:25,458 INFO stopped: laravel-worker_00 (exit status 0)
2025-07-18 12:42:25,458 INFO stopped: laravel-worker_01 (exit status 0)
2025-07-18 12:42:25,459 WARN stopped: cron (terminated by SIGTERM)
2025-07-18 12:44:47,678 INFO Set uid to user 0 succeeded
2025-07-18 12:44:47,683 INFO RPC interface 'supervisor' initialized
2025-07-18 12:44:47,684 CRIT Server 'unix_http_server' running without any HTTP authentication checking
2025-07-18 12:44:47,684 INFO supervisord started with pid 1
2025-07-18 12:44:48,695 INFO spawned: 'cron' with pid 38
2025-07-18 12:44:48,697 INFO spawned: 'laravel-worker_00' with pid 39
2025-07-18 12:44:48,699 INFO spawned: 'laravel-worker_01' with pid 40
2025-07-18 12:44:48,702 INFO spawned: 'nginx' with pid 41
2025-07-18 12:44:48,705 INFO spawned: 'php-fpm' with pid 42
2025-07-18 12:44:48,708 INFO spawned: 'sshd' with pid 43
2025-07-18 12:44:49,749 INFO success: cron entered RUNNING state, process has stayed up for > than 1 seconds (startsecs)
2025-07-18 12:44:49,750 INFO success: laravel-worker_00 entered RUNNING state, process has stayed up for > than 1 seconds (startsecs)
2025-07-18 12:44:49,750 INFO success: laravel-worker_01 entered RUNNING state, process has stayed up for > than 1 seconds (startsecs)
2025-07-18 12:44:49,750 INFO success: nginx entered RUNNING state, process has stayed up for > than 1 seconds (startsecs)
2025-07-18 12:44:49,751 INFO success: php-fpm entered RUNNING state, process has stayed up for > than 1 seconds (startsecs)
2025-07-18 12:44:49,751 INFO success: sshd entered RUNNING state, process has stayed up for > than 1 seconds (startsecs)
2025-07-18 12:47:50,242 WARN received SIGQUIT indicating exit request
2025-07-18 12:47:50,246 INFO waiting for cron, laravel-worker_00, laravel-worker_01, nginx, php-fpm, sshd to die
2025-07-18 12:47:50,252 INFO stopped: sshd (exit status 0)
2025-07-18 12:47:51,287 INFO stopped: php-fpm (exit status 0)
2025-07-18 12:47:51,345 INFO stopped: nginx (exit status 0)
2025-07-18 12:47:51,384 INFO stopped: laravel-worker_00 (exit status 0)
2025-07-18 12:47:51,385 INFO stopped: laravel-worker_01 (exit status 0)
2025-07-18 12:47:51,385 WARN stopped: cron (terminated by SIGTERM)
2025-07-18 12:47:55,113 INFO Set uid to user 0 succeeded
2025-07-18 12:47:55,116 INFO RPC interface 'supervisor' initialized
2025-07-18 12:47:55,116 CRIT Server 'unix_http_server' running without any HTTP authentication checking
2025-07-18 12:47:55,116 INFO supervisord started with pid 1
2025-07-18 12:47:56,126 INFO spawned: 'cron' with pid 38
2025-07-18 12:47:56,131 INFO spawned: 'laravel-worker_00' with pid 39
2025-07-18 12:47:56,134 INFO spawned: 'laravel-worker_01' with pid 40
2025-07-18 12:47:56,137 INFO spawned: 'nginx' with pid 41
2025-07-18 12:47:56,140 INFO spawned: 'php-fpm' with pid 42
2025-07-18 12:47:56,143 INFO spawned: 'sshd' with pid 43
2025-07-18 12:47:57,187 INFO success: cron entered RUNNING state, process has stayed up for > than 1 seconds (startsecs)
2025-07-18 12:47:57,187 INFO success: laravel-worker_00 entered RUNNING state, process has stayed up for > than 1 seconds (startsecs)
2025-07-18 12:47:57,188 INFO success: laravel-worker_01 entered RUNNING state, process has stayed up for > than 1 seconds (startsecs)
2025-07-18 12:47:57,189 INFO success: nginx entered RUNNING state, process has stayed up for > than 1 seconds (startsecs)
2025-07-18 12:47:57,189 INFO success: php-fpm entered RUNNING state, process has stayed up for > than 1 seconds (startsecs)
2025-07-18 12:47:57,190 INFO success: sshd entered RUNNING state, process has stayed up for > than 1 seconds (startsecs)
2025-07-18 12:51:43,259 WARN received SIGQUIT indicating exit request
2025-07-18 12:51:43,261 INFO waiting for cron, laravel-worker_00, laravel-worker_01, nginx, php-fpm, sshd to die
2025-07-18 12:51:43,266 INFO stopped: sshd (exit status 0)
2025-07-18 12:51:43,286 INFO stopped: php-fpm (exit status 0)
2025-07-18 12:51:43,330 INFO stopped: nginx (exit status 0)
2025-07-18 12:51:43,360 INFO stopped: laravel-worker_00 (exit status 0)
2025-07-18 12:51:43,360 INFO stopped: laravel-worker_01 (exit status 0)
2025-07-18 12:51:43,360 WARN stopped: cron (terminated by SIGTERM)
2025-07-18 12:51:47,340 INFO Set uid to user 0 succeeded
2025-07-18 12:51:47,344 INFO RPC interface 'supervisor' initialized
2025-07-18 12:51:47,344 CRIT Server 'unix_http_server' running without any HTTP authentication checking
2025-07-18 12:51:47,345 INFO supervisord started with pid 1
2025-07-18 12:51:48,358 INFO spawned: 'cron' with pid 38
2025-07-18 12:51:48,362 INFO spawned: 'laravel-worker_00' with pid 39
2025-07-18 12:51:48,365 INFO spawned: 'laravel-worker_01' with pid 40
2025-07-18 12:51:48,367 INFO spawned: 'nginx' with pid 41
2025-07-18 12:51:48,368 INFO spawned: 'php-fpm' with pid 42
2025-07-18 12:51:48,370 INFO spawned: 'sshd' with pid 43
2025-07-18 12:51:49,412 INFO success: cron entered RUNNING state, process has stayed up for > than 1 seconds (startsecs)
2025-07-18 12:51:49,414 INFO success: laravel-worker_00 entered RUNNING state, process has stayed up for > than 1 seconds (startsecs)
2025-07-18 12:51:49,416 INFO success: laravel-worker_01 entered RUNNING state, process has stayed up for > than 1 seconds (startsecs)
2025-07-18 12:51:49,417 INFO success: nginx entered RUNNING state, process has stayed up for > than 1 seconds (startsecs)
2025-07-18 12:51:49,417 INFO success: php-fpm entered RUNNING state, process has stayed up for > than 1 seconds (startsecs)
2025-07-18 12:51:49,417 INFO success: sshd entered RUNNING state, process has stayed up for > than 1 seconds (startsecs)
2025-07-18 12:56:51,540 WARN received SIGQUIT indicating exit request
2025-07-18 12:56:51,546 INFO waiting for cron, laravel-worker_00, laravel-worker_01, nginx, php-fpm, sshd to die
2025-07-18 12:56:51,551 INFO stopped: sshd (exit status 0)
2025-07-18 12:56:52,591 INFO stopped: php-fpm (exit status 0)
2025-07-18 12:56:52,647 INFO stopped: nginx (exit status 0)
2025-07-18 12:56:52,674 INFO stopped: laravel-worker_01 (exit status 0)
2025-07-18 12:56:52,674 INFO stopped: laravel-worker_00 (exit status 0)
2025-07-18 12:56:52,675 WARN stopped: cron (terminated by SIGTERM)
2025-07-18 12:56:56,706 INFO Set uid to user 0 succeeded
2025-07-18 12:56:56,712 INFO RPC interface 'supervisor' initialized
2025-07-18 12:56:56,712 CRIT Server 'unix_http_server' running without any HTTP authentication checking
2025-07-18 12:56:56,712 INFO supervisord started with pid 1
2025-07-18 12:56:57,727 INFO spawned: 'cron' with pid 38
2025-07-18 12:56:57,730 INFO spawned: 'laravel-worker_00' with pid 39
2025-07-18 12:56:57,734 INFO spawned: 'laravel-worker_01' with pid 40
2025-07-18 12:56:57,739 INFO spawned: 'nginx' with pid 41
2025-07-18 12:56:57,742 INFO spawned: 'php-fpm' with pid 42
2025-07-18 12:56:57,747 INFO spawned: 'sshd' with pid 43
2025-07-18 12:56:58,805 INFO success: cron entered RUNNING state, process has stayed up for > than 1 seconds (startsecs)
2025-07-18 12:56:58,806 INFO success: laravel-worker_00 entered RUNNING state, process has stayed up for > than 1 seconds (startsecs)
2025-07-18 12:56:58,806 INFO success: laravel-worker_01 entered RUNNING state, process has stayed up for > than 1 seconds (startsecs)
2025-07-18 12:56:58,806 INFO success: nginx entered RUNNING state, process has stayed up for > than 1 seconds (startsecs)
2025-07-18 12:56:58,807 INFO success: php-fpm entered RUNNING state, process has stayed up for > than 1 seconds (startsecs)
2025-07-18 12:56:58,807 INFO success: sshd entered RUNNING state, process has stayed up for > than 1 seconds (startsecs)
2025-07-18 13:00:43,412 INFO reaped unknown pid 175 (exit status 0)
2025-07-18 13:23:13,364 WARN received SIGQUIT indicating exit request
2025-07-18 13:23:13,369 INFO waiting for cron, laravel-worker_00, laravel-worker_01, nginx, php-fpm, sshd to die
2025-07-18 13:23:13,380 INFO stopped: sshd (exit status 0)
2025-07-18 13:23:14,417 INFO stopped: php-fpm (exit status 0)
2025-07-18 13:23:14,467 INFO stopped: nginx (exit status 0)
2025-07-18 13:23:14,504 INFO stopped: laravel-worker_01 (exit status 0)
2025-07-18 13:23:14,504 INFO stopped: laravel-worker_00 (exit status 0)
2025-07-18 13:23:14,505 WARN stopped: cron (terminated by SIGTERM)
2025-07-18 13:32:13,192 INFO Set uid to user 0 succeeded
2025-07-18 13:32:13,198 INFO RPC interface 'supervisor' initialized
2025-07-18 13:32:13,198 CRIT Server 'unix_http_server' running without any HTTP authentication checking
2025-07-18 13:32:13,198 INFO supervisord started with pid 1
2025-07-18 13:32:14,251 INFO spawned: 'cron' with pid 76
2025-07-18 13:32:14,261 INFO spawned: 'laravel-worker_00' with pid 77
2025-07-18 13:32:14,264 INFO spawned: 'laravel-worker_01' with pid 78
2025-07-18 13:32:14,267 INFO spawned: 'nginx' with pid 79
2025-07-18 13:32:14,268 INFO spawned: 'php-fpm' with pid 80
2025-07-18 13:32:14,269 INFO spawned: 'sshd' with pid 81
2025-07-18 13:32:15,391 INFO success: cron entered RUNNING state, process has stayed up for > than 1 seconds (startsecs)
2025-07-18 13:32:15,392 INFO success: laravel-worker_00 entered RUNNING state, process has stayed up for > than 1 seconds (startsecs)
2025-07-18 13:32:15,392 INFO success: laravel-worker_01 entered RUNNING state, process has stayed up for > than 1 seconds (startsecs)
2025-07-18 13:32:15,392 INFO success: nginx entered RUNNING state, process has stayed up for > than 1 seconds (startsecs)
2025-07-18 13:32:15,392 INFO success: php-fpm entered RUNNING state, process has stayed up for > than 1 seconds (startsecs)
2025-07-18 13:32:15,392 INFO success: sshd entered RUNNING state, process has stayed up for > than 1 seconds (startsecs)
2025-07-18 14:00:45,729 WARN received SIGQUIT indicating exit request
2025-07-18 14:00:45,734 INFO waiting for cron, laravel-worker_00, laravel-worker_01, nginx, php-fpm, sshd to die
2025-07-18 14:00:45,747 INFO stopped: sshd (exit status 0)
2025-07-18 14:00:45,773 INFO stopped: php-fpm (exit status 0)
2025-07-18 14:00:45,811 INFO stopped: nginx (exit status 0)
2025-07-18 14:00:45,847 INFO stopped: laravel-worker_00 (exit status 0)
2025-07-18 14:00:45,849 INFO stopped: laravel-worker_01 (exit status 0)
2025-07-18 14:00:45,849 WARN stopped: cron (terminated by SIGTERM)
2025-07-18 14:00:51,331 INFO Set uid to user 0 succeeded
2025-07-18 14:00:51,338 INFO RPC interface 'supervisor' initialized
2025-07-18 14:00:51,339 CRIT Server 'unix_http_server' running without any HTTP authentication checking
2025-07-18 14:00:51,339 INFO supervisord started with pid 1
2025-07-18 14:00:52,343 INFO spawned: 'cron' with pid 38
2025-07-18 14:00:52,345 INFO spawned: 'laravel-worker_00' with pid 39
2025-07-18 14:00:52,347 INFO spawned: 'laravel-worker_01' with pid 40
2025-07-18 14:00:52,349 INFO spawned: 'nginx' with pid 41
2025-07-18 14:00:52,351 INFO spawned: 'php-fpm' with pid 42
2025-07-18 14:00:52,352 INFO spawned: 'sshd' with pid 43
2025-07-18 14:00:53,475 INFO success: cron entered RUNNING state, process has stayed up for > than 1 seconds (startsecs)
2025-07-18 14:00:53,483 INFO success: laravel-worker_00 entered RUNNING state, process has stayed up for > than 1 seconds (startsecs)
2025-07-18 14:00:53,483 INFO success: laravel-worker_01 entered RUNNING state, process has stayed up for > than 1 seconds (startsecs)
2025-07-18 14:00:53,484 INFO success: nginx entered RUNNING state, process has stayed up for > than 1 seconds (startsecs)
2025-07-18 14:00:53,484 INFO success: php-fpm entered RUNNING state, process has stayed up for > than 1 seconds (startsecs)
2025-07-18 14:00:53,485 INFO success: sshd entered RUNNING state, process has stayed up for > than 1 seconds (startsecs)
2025-07-18 14:02:28,702 WARN received SIGQUIT indicating exit request
2025-07-18 14:02:28,706 INFO waiting for cron, laravel-worker_00, laravel-worker_01, nginx, php-fpm, sshd to die
2025-07-18 14:02:28,715 INFO stopped: sshd (exit status 0)
2025-07-18 14:02:28,741 INFO stopped: php-fpm (exit status 0)
2025-07-18 14:02:28,777 INFO stopped: nginx (exit status 0)
2025-07-18 14:02:28,825 INFO stopped: laravel-worker_00 (exit status 0)
2025-07-18 14:02:28,825 INFO stopped: laravel-worker_01 (exit status 0)
2025-07-18 14:02:28,826 WARN stopped: cron (terminated by SIGTERM)
2025-07-18 14:02:45,498 INFO Set uid to user 0 succeeded
2025-07-18 14:02:45,504 INFO RPC interface 'supervisor' initialized
2025-07-18 14:02:45,504 CRIT Server 'unix_http_server' running without any HTTP authentication checking
2025-07-18 14:02:45,504 INFO supervisord started with pid 1
2025-07-18 14:02:46,518 INFO spawned: 'cron' with pid 45
2025-07-18 14:02:46,527 INFO spawned: 'laravel-worker_00' with pid 46
2025-07-18 14:02:46,533 INFO spawned: 'laravel-worker_01' with pid 47
2025-07-18 14:02:46,537 INFO spawned: 'nginx' with pid 48
2025-07-18 14:02:46,544 INFO spawned: 'php-fpm' with pid 49
2025-07-18 14:02:46,554 INFO spawned: 'sshd' with pid 50
2025-07-18 14:02:47,657 INFO success: cron entered RUNNING state, process has stayed up for > than 1 seconds (startsecs)
2025-07-18 14:02:47,658 INFO success: laravel-worker_00 entered RUNNING state, process has stayed up for > than 1 seconds (startsecs)
2025-07-18 14:02:47,658 INFO success: laravel-worker_01 entered RUNNING state, process has stayed up for > than 1 seconds (startsecs)
2025-07-18 14:02:47,658 INFO success: nginx entered RUNNING state, process has stayed up for > than 1 seconds (startsecs)
2025-07-18 14:02:47,658 INFO success: php-fpm entered RUNNING state, process has stayed up for > than 1 seconds (startsecs)
2025-07-18 14:02:47,658 INFO success: sshd entered RUNNING state, process has stayed up for > than 1 seconds (startsecs)
2025-07-18 14:03:55,890 WARN received SIGQUIT indicating exit request
2025-07-18 14:03:55,895 INFO waiting for cron, laravel-worker_00, laravel-worker_01, nginx, php-fpm, sshd to die
2025-07-18 14:03:55,903 INFO stopped: sshd (exit status 0)
2025-07-18 14:03:56,953 INFO stopped: php-fpm (exit status 0)
2025-07-18 14:03:57,005 INFO stopped: nginx (exit status 0)
2025-07-18 14:03:57,064 INFO stopped: laravel-worker_01 (exit status 0)
2025-07-18 14:03:57,065 INFO stopped: laravel-worker_00 (exit status 0)
2025-07-18 14:03:57,066 WARN stopped: cron (terminated by SIGTERM)
2025-07-18 14:04:01,775 INFO Set uid to user 0 succeeded
2025-07-18 14:04:01,778 INFO RPC interface 'supervisor' initialized
2025-07-18 14:04:01,778 CRIT Server 'unix_http_server' running without any HTTP authentication checking
2025-07-18 14:04:01,779 INFO supervisord started with pid 1
2025-07-18 14:04:02,784 INFO spawned: 'cron' with pid 38
2025-07-18 14:04:02,786 INFO spawned: 'laravel-worker_00' with pid 39
2025-07-18 14:04:02,788 INFO spawned: 'laravel-worker_01' with pid 40
2025-07-18 14:04:02,790 INFO spawned: 'nginx' with pid 41
2025-07-18 14:04:02,792 INFO spawned: 'php-fpm' with pid 42
2025-07-18 14:04:02,794 INFO spawned: 'sshd' with pid 43
2025-07-18 14:04:03,845 INFO success: cron entered RUNNING state, process has stayed up for > than 1 seconds (startsecs)
2025-07-18 14:04:03,846 INFO success: laravel-worker_00 entered RUNNING state, process has stayed up for > than 1 seconds (startsecs)
2025-07-18 14:04:03,846 INFO success: laravel-worker_01 entered RUNNING state, process has stayed up for > than 1 seconds (startsecs)
2025-07-18 14:04:03,847 INFO success: nginx entered RUNNING state, process has stayed up for > than 1 seconds (startsecs)
2025-07-18 14:04:03,847 INFO success: php-fpm entered RUNNING state, process has stayed up for > than 1 seconds (startsecs)
2025-07-18 14:04:03,847 INFO success: sshd entered RUNNING state, process has stayed up for > than 1 seconds (startsecs)
2025-07-18 14:04:33,924 WARN received SIGQUIT indicating exit request
2025-07-18 14:04:33,925 INFO waiting for cron, laravel-worker_00, laravel-worker_01, nginx, php-fpm, sshd to die
2025-07-18 14:04:33,934 INFO stopped: sshd (exit status 0)
2025-07-18 14:04:33,958 INFO stopped: php-fpm (exit status 0)
2025-07-18 14:04:33,985 INFO stopped: nginx (exit status 0)
2025-07-18 14:04:34,039 INFO stopped: laravel-worker_01 (exit status 0)
2025-07-18 14:04:34,040 INFO stopped: laravel-worker_00 (exit status 0)
2025-07-18 14:04:34,041 WARN stopped: cron (terminated by SIGTERM)
2025-07-18 14:04:41,657 INFO Set uid to user 0 succeeded
2025-07-18 14:04:41,661 INFO RPC interface 'supervisor' initialized
2025-07-18 14:04:41,661 CRIT Server 'unix_http_server' running without any HTTP authentication checking
2025-07-18 14:04:41,661 INFO supervisord started with pid 1
2025-07-18 14:04:42,675 INFO spawned: 'cron' with pid 37
2025-07-18 14:04:42,678 INFO spawned: 'laravel-worker_00' with pid 38
2025-07-18 14:04:42,681 INFO spawned: 'laravel-worker_01' with pid 39
2025-07-18 14:04:42,685 INFO spawned: 'nginx' with pid 40
2025-07-18 14:04:42,688 INFO spawned: 'php-fpm' with pid 41
2025-07-18 14:04:42,692 INFO spawned: 'sshd' with pid 42
2025-07-18 14:04:43,733 INFO success: cron entered RUNNING state, process has stayed up for > than 1 seconds (startsecs)
2025-07-18 14:04:43,735 INFO success: laravel-worker_00 entered RUNNING state, process has stayed up for > than 1 seconds (startsecs)
2025-07-18 14:04:43,736 INFO success: laravel-worker_01 entered RUNNING state, process has stayed up for > than 1 seconds (startsecs)
2025-07-18 14:04:43,738 INFO success: nginx entered RUNNING state, process has stayed up for > than 1 seconds (startsecs)
2025-07-18 14:04:43,739 INFO success: php-fpm entered RUNNING state, process has stayed up for > than 1 seconds (startsecs)
2025-07-18 14:04:43,739 INFO success: sshd entered RUNNING state, process has stayed up for > than 1 seconds (startsecs)
2025-07-18 14:13:49,820 WARN received SIGQUIT indicating exit request
2025-07-18 14:13:49,839 INFO waiting for cron, laravel-worker_00, laravel-worker_01, nginx, php-fpm, sshd to die
2025-07-18 14:13:49,852 INFO stopped: sshd (exit status 0)
2025-07-18 14:13:49,922 INFO stopped: php-fpm (exit status 0)
2025-07-18 14:13:49,982 INFO stopped: nginx (exit status 0)
2025-07-18 14:13:50,101 INFO stopped: laravel-worker_01 (exit status 0)
2025-07-18 14:13:51,110 INFO stopped: laravel-worker_00 (exit status 0)
2025-07-18 14:13:51,111 WARN stopped: cron (terminated by SIGTERM)
2025-07-18 14:13:56,603 INFO Set uid to user 0 succeeded
2025-07-18 14:13:56,609 INFO RPC interface 'supervisor' initialized
2025-07-18 14:13:56,609 CRIT Server 'unix_http_server' running without any HTTP authentication checking
2025-07-18 14:13:56,610 INFO supervisord started with pid 1
2025-07-18 14:13:57,616 INFO spawned: 'cron' with pid 38
2025-07-18 14:13:57,618 INFO spawned: 'laravel-worker_00' with pid 39
2025-07-18 14:13:57,620 INFO spawned: 'laravel-worker_01' with pid 40
2025-07-18 14:13:57,622 INFO spawned: 'nginx' with pid 41
2025-07-18 14:13:57,624 INFO spawned: 'php-fpm' with pid 42
2025-07-18 14:13:57,625 INFO spawned: 'sshd' with pid 43
2025-07-18 14:13:58,670 INFO success: cron entered RUNNING state, process has stayed up for > than 1 seconds (startsecs)
2025-07-18 14:13:58,670 INFO success: laravel-worker_00 entered RUNNING state, process has stayed up for > than 1 seconds (startsecs)
2025-07-18 14:13:58,670 INFO success: laravel-worker_01 entered RUNNING state, process has stayed up for > than 1 seconds (startsecs)
2025-07-18 14:13:58,670 INFO success: nginx entered RUNNING state, process has stayed up for > than 1 seconds (startsecs)
2025-07-18 14:13:58,670 INFO success: php-fpm entered RUNNING state, process has stayed up for > than 1 seconds (startsecs)
2025-07-18 14:13:58,670 INFO success: sshd entered RUNNING state, process has stayed up for > than 1 seconds (startsecs)
2025-07-18 16:00:25,205 INFO exited: laravel-worker_01 (exit status 0; expected)
2025-07-18 16:00:25,240 INFO spawned: 'laravel-worker_01' with pid 68
2025-07-18 16:00:25,240 INFO exited: laravel-worker_00 (exit status 0; expected)
2025-07-18 16:00:26,250 INFO spawned: 'laravel-worker_00' with pid 72
2025-07-18 16:00:26,251 INFO success: laravel-worker_01 entered RUNNING state, process has stayed up for > than 1 seconds (startsecs)
2025-07-18 16:00:27,254 INFO success: laravel-worker_00 entered RUNNING state, process has stayed up for > than 1 seconds (startsecs)
2025-07-18 17:00:25,746 INFO exited: laravel-worker_01 (exit status 0; expected)
2025-07-18 17:00:26,763 INFO spawned: 'laravel-worker_01' with pid 81
2025-07-18 17:00:27,249 INFO exited: laravel-worker_00 (exit status 0; expected)
2025-07-18 17:00:28,257 INFO spawned: 'laravel-worker_00' with pid 85
2025-07-18 17:00:28,259 INFO success: laravel-worker_01 entered RUNNING state, process has stayed up for > than 1 seconds (startsecs)
2025-07-18 17:00:29,264 INFO success: laravel-worker_00 entered RUNNING state, process has stayed up for > than 1 seconds (startsecs)
2025-07-18 18:00:28,447 INFO exited: laravel-worker_01 (exit status 0; expected)
2025-07-18 18:00:28,450 INFO exited: laravel-worker_00 (exit status 0; expected)
2025-07-18 18:00:29,460 INFO spawned: 'laravel-worker_00' with pid 166
2025-07-18 18:00:29,465 INFO spawned: 'laravel-worker_01' with pid 167
2025-07-18 18:00:30,468 INFO success: laravel-worker_00 entered RUNNING state, process has stayed up for > than 1 seconds (startsecs)
2025-07-18 18:00:30,469 INFO success: laravel-worker_01 entered RUNNING state, process has stayed up for > than 1 seconds (startsecs)
2025-07-18 20:24:28,650 INFO exited: laravel-worker_00 (exit status 0; expected)
2025-07-18 20:24:28,653 INFO exited: laravel-worker_01 (exit status 0; expected)
2025-07-18 20:24:28,664 INFO spawned: 'laravel-worker_00' with pid 183
2025-07-18 20:24:28,670 INFO spawned: 'laravel-worker_01' with pid 184
2025-07-18 20:24:29,775 INFO success: laravel-worker_00 entered RUNNING state, process has stayed up for > than 1 seconds (startsecs)
2025-07-18 20:24:29,776 INFO success: laravel-worker_01 entered RUNNING state, process has stayed up for > than 1 seconds (startsecs)
2025-07-19 12:32:29,169 INFO exited: laravel-worker_00 (exit status 0; expected)
2025-07-19 12:32:29,171 INFO exited: laravel-worker_01 (exit status 0; expected)
2025-07-19 12:32:30,186 INFO spawned: 'laravel-worker_00' with pid 205
2025-07-19 12:32:30,193 INFO spawned: 'laravel-worker_01' with pid 206
2025-07-19 12:32:31,199 INFO success: laravel-worker_00 entered RUNNING state, process has stayed up for > than 1 seconds (startsecs)
2025-07-19 12:32:31,199 INFO success: laravel-worker_01 entered RUNNING state, process has stayed up for > than 1 seconds (startsecs)
2025-07-19 13:41:55,537 INFO exited: laravel-worker_00 (exit status 0; expected)
2025-07-19 13:41:55,540 INFO exited: laravel-worker_01 (exit status 0; expected)
2025-07-19 13:41:56,573 INFO spawned: 'laravel-worker_00' with pid 218
2025-07-19 13:41:56,578 INFO spawned: 'laravel-worker_01' with pid 219
2025-07-19 13:41:57,582 INFO success: laravel-worker_00 entered RUNNING state, process has stayed up for > than 1 seconds (startsecs)
2025-07-19 13:41:57,583 INFO success: laravel-worker_01 entered RUNNING state, process has stayed up for > than 1 seconds (startsecs)
2025-07-19 18:38:48,699 INFO exited: laravel-worker_00 (exit status 0; expected)
2025-07-19 18:38:49,556 INFO spawned: 'laravel-worker_00' with pid 239
2025-07-19 18:38:49,559 INFO exited: laravel-worker_01 (exit status 0; expected)
2025-07-19 18:38:50,562 INFO success: laravel-worker_00 entered RUNNING state, process has stayed up for > than 1 seconds (startsecs)
2025-07-19 18:38:50,573 INFO spawned: 'laravel-worker_01' with pid 243
2025-07-19 18:38:51,577 INFO success: laravel-worker_01 entered RUNNING state, process has stayed up for > than 1 seconds (startsecs)
2025-07-19 19:38:50,648 INFO exited: laravel-worker_00 (exit status 0; expected)
2025-07-19 19:38:50,857 INFO spawned: 'laravel-worker_00' with pid 252
2025-07-19 19:38:50,858 INFO exited: laravel-worker_01 (exit status 0; expected)
2025-07-19 19:38:51,862 INFO success: laravel-worker_00 entered RUNNING state, process has stayed up for > than 1 seconds (startsecs)
2025-07-19 19:38:51,868 INFO spawned: 'laravel-worker_01' with pid 256
2025-07-19 19:38:52,874 INFO success: laravel-worker_01 entered RUNNING state, process has stayed up for > than 1 seconds (startsecs)
2025-07-20 21:25:13,846 INFO exited: laravel-worker_01 (exit status 0; expected)
2025-07-20 21:25:14,873 INFO spawned: 'laravel-worker_01' with pid 271
2025-07-20 21:25:15,199 INFO exited: laravel-worker_00 (exit status 0; expected)
2025-07-20 21:25:16,208 INFO spawned: 'laravel-worker_00' with pid 275
2025-07-20 21:25:16,209 INFO success: laravel-worker_01 entered RUNNING state, process has stayed up for > than 1 seconds (startsecs)
2025-07-20 21:25:17,215 INFO success: laravel-worker_00 entered RUNNING state, process has stayed up for > than 1 seconds (startsecs)
2025-07-21 06:21:48,536 INFO exited: laravel-worker_01 (exit status 0; expected)
2025-07-21 06:21:48,538 INFO exited: laravel-worker_00 (exit status 0; expected)
2025-07-21 06:21:49,545 INFO spawned: 'laravel-worker_00' with pid 308
2025-07-21 06:21:49,548 INFO spawned: 'laravel-worker_01' with pid 309
2025-07-21 06:21:50,557 INFO success: laravel-worker_00 entered RUNNING state, process has stayed up for > than 1 seconds (startsecs)
2025-07-21 06:21:50,559 INFO success: laravel-worker_01 entered RUNNING state, process has stayed up for > than 1 seconds (startsecs)
2025-07-21 06:24:23,575 WARN received SIGQUIT indicating exit request
2025-07-21 06:24:23,582 INFO waiting for cron, laravel-worker_00, laravel-worker_01, nginx, php-fpm, sshd to die
2025-07-21 06:24:23,586 INFO stopped: sshd (exit status 0)
2025-07-21 06:24:24,626 INFO stopped: php-fpm (exit status 0)
2025-07-21 06:24:24,676 INFO stopped: nginx (exit status 0)
2025-07-21 06:24:24,726 INFO stopped: laravel-worker_01 (exit status 0)
2025-07-21 06:24:24,726 INFO stopped: laravel-worker_00 (exit status 0)
2025-07-21 06:24:24,727 WARN stopped: cron (terminated by SIGTERM)
2025-07-21 06:24:29,258 INFO Set uid to user 0 succeeded
2025-07-21 06:24:29,262 INFO RPC interface 'supervisor' initialized
2025-07-21 06:24:29,262 CRIT Server 'unix_http_server' running without any HTTP authentication checking
2025-07-21 06:24:29,263 INFO supervisord started with pid 1
2025-07-21 06:24:30,269 INFO spawned: 'cron' with pid 44
2025-07-21 06:24:30,271 INFO spawned: 'laravel-worker_00' with pid 45
2025-07-21 06:24:30,277 INFO spawned: 'laravel-worker_01' with pid 46
2025-07-21 06:24:30,280 INFO spawned: 'nginx' with pid 47
2025-07-21 06:24:30,283 INFO spawned: 'php-fpm' with pid 48
2025-07-21 06:24:30,289 INFO spawned: 'sshd' with pid 49
2025-07-21 06:24:31,356 INFO success: cron entered RUNNING state, process has stayed up for > than 1 seconds (startsecs)
2025-07-21 06:24:31,358 INFO success: laravel-worker_00 entered RUNNING state, process has stayed up for > than 1 seconds (startsecs)
2025-07-21 06:24:31,358 INFO success: laravel-worker_01 entered RUNNING state, process has stayed up for > than 1 seconds (startsecs)
2025-07-21 06:24:31,358 INFO success: nginx entered RUNNING state, process has stayed up for > than 1 seconds (startsecs)
2025-07-21 06:24:31,359 INFO success: php-fpm entered RUNNING state, process has stayed up for > than 1 seconds (startsecs)
2025-07-21 06:24:31,359 INFO success: sshd entered RUNNING state, process has stayed up for > than 1 seconds (startsecs)
2025-07-21 06:25:21,501 WARN received SIGQUIT indicating exit request
2025-07-21 06:25:21,504 INFO waiting for cron, laravel-worker_00, laravel-worker_01, nginx, php-fpm, sshd to die
2025-07-21 06:25:21,507 INFO stopped: sshd (exit status 0)
2025-07-21 06:25:22,544 INFO stopped: php-fpm (exit status 0)
2025-07-21 06:25:22,587 INFO stopped: nginx (exit status 0)
2025-07-21 06:25:22,645 INFO stopped: laravel-worker_00 (exit status 0)
2025-07-21 06:25:22,647 INFO stopped: laravel-worker_01 (exit status 0)
2025-07-21 06:25:22,648 WARN stopped: cron (terminated by SIGTERM)
2025-07-21 06:25:35,368 INFO Set uid to user 0 succeeded
2025-07-21 06:25:35,373 INFO RPC interface 'supervisor' initialized
2025-07-21 06:25:35,373 CRIT Server 'unix_http_server' running without any HTTP authentication checking
2025-07-21 06:25:35,374 INFO supervisord started with pid 1
2025-07-21 06:25:36,380 INFO spawned: 'cron' with pid 38
2025-07-21 06:25:36,383 INFO spawned: 'laravel-worker_00' with pid 39
2025-07-21 06:25:36,385 INFO spawned: 'laravel-worker_01' with pid 40
2025-07-21 06:25:36,387 INFO spawned: 'nginx' with pid 41
2025-07-21 06:25:36,389 INFO spawned: 'php-fpm' with pid 42
2025-07-21 06:25:36,391 INFO spawned: 'sshd' with pid 43
2025-07-21 06:25:37,453 INFO success: cron entered RUNNING state, process has stayed up for > than 1 seconds (startsecs)
2025-07-21 06:25:37,453 INFO success: laravel-worker_00 entered RUNNING state, process has stayed up for > than 1 seconds (startsecs)
2025-07-21 06:25:37,453 INFO success: laravel-worker_01 entered RUNNING state, process has stayed up for > than 1 seconds (startsecs)
2025-07-21 06:25:37,453 INFO success: nginx entered RUNNING state, process has stayed up for > than 1 seconds (startsecs)
2025-07-21 06:25:37,453 INFO success: php-fpm entered RUNNING state, process has stayed up for > than 1 seconds (startsecs)
2025-07-21 06:25:37,454 INFO success: sshd entered RUNNING state, process has stayed up for > than 1 seconds (startsecs)
